<?xml version="1.0" encoding="UTF-8"?>
<!-- Generated by org.testng.reporters.JUnitReportReporter -->
<testsuite hostname="PC-DuyHai" name="fr.getlinks.web.controller.RegistrationControllerTest" tests="2" failures="2" timestamp="11 Sep 2012 21:37:58 GMT" time="0.001" errors="0">
  <testcase name="testActivateKO_HTTPAction" time="0.001" classname="fr.getlinks.web.controller.RegistrationControllerTest">
    <failure type="java.lang.IllegalArgumentException" message="WebApplicationContext is required">
      <![CDATA[java.lang.IllegalArgumentException: WebApplicationContext is required
	at org.springframework.util.Assert.notNull(Assert.java:112)
	at org.springframework.test.web.server.setup.InitializedContextMockMvcBuilder.<init>(InitializedContextMockMvcBuilder.java:39)
	at org.springframework.test.web.server.setup.MockMvcBuilders.webApplicationContextSetup(MockMvcBuilders.java:72)
	at fr.getlinks.web.controller.RegistrationControllerTest.init(RegistrationControllerTest.java:51)
	at sun.reflect.NativeMethodAccessorImpl.invoke0(Native Method)
	at sun.reflect.NativeMethodAccessorImpl.invoke(NativeMethodAccessorImpl.java:39)
	at sun.reflect.DelegatingMethodAccessorImpl.invoke(DelegatingMethodAccessorImpl.java:25)
	at java.lang.reflect.Method.invoke(Method.java:597)
	at org.testng.internal.MethodInvocationHelper.invokeMethod(MethodInvocationHelper.java:80)
	at org.testng.internal.Invoker.invokeConfigurationMethod(Invoker.java:564)
	at org.testng.internal.Invoker.invokeConfigurations(Invoker.java:213)
	at org.testng.internal.Invoker.invokeConfigurations(Invoker.java:138)
	at org.testng.SuiteRunner.privateRun(SuiteRunner.java:277)
	at org.testng.SuiteRunner.run(SuiteRunner.java:240)
	at org.testng.SuiteRunnerWorker.runSuite(SuiteRunnerWorker.java:51)
	at org.testng.SuiteRunnerWorker.run(SuiteRunnerWorker.java:85)
	at org.testng.TestNG.runSuitesSequentially(TestNG.java:1197)
	at org.testng.TestNG.runSuitesLocally(TestNG.java:1122)
	at org.testng.TestNG.run(TestNG.java:1030)
	at org.testng.remote.RemoteTestNG.run(RemoteTestNG.java:111)
	at org.testng.remote.RemoteTestNG.initAndRun(RemoteTestNG.java:204)
	at org.testng.remote.RemoteTestNG.main(RemoteTestNG.java:175)
]]>
    </failure>
  </testcase> <!-- testActivateKO_HTTPAction -->
  <testcase name="testActivateOK_HTTPAction" time="0.000" classname="fr.getlinks.web.controller.RegistrationControllerTest">
    <failure type="java.lang.IllegalArgumentException" message="WebApplicationContext is required">
      <![CDATA[java.lang.IllegalArgumentException: WebApplicationContext is required
	at org.springframework.util.Assert.notNull(Assert.java:112)
	at org.springframework.test.web.server.setup.InitializedContextMockMvcBuilder.<init>(InitializedContextMockMvcBuilder.java:39)
	at org.springframework.test.web.server.setup.MockMvcBuilders.webApplicationContextSetup(MockMvcBuilders.java:72)
	at fr.getlinks.web.controller.RegistrationControllerTest.init(RegistrationControllerTest.java:51)
	at sun.reflect.NativeMethodAccessorImpl.invoke0(Native Method)
	at sun.reflect.NativeMethodAccessorImpl.invoke(NativeMethodAccessorImpl.java:39)
	at sun.reflect.DelegatingMethodAccessorImpl.invoke(DelegatingMethodAccessorImpl.java:25)
	at java.lang.reflect.Method.invoke(Method.java:597)
	at org.testng.internal.MethodInvocationHelper.invokeMethod(MethodInvocationHelper.java:80)
	at org.testng.internal.Invoker.invokeConfigurationMethod(Invoker.java:564)
	at org.testng.internal.Invoker.invokeConfigurations(Invoker.java:213)
	at org.testng.internal.Invoker.invokeConfigurations(Invoker.java:138)
	at org.testng.SuiteRunner.privateRun(SuiteRunner.java:277)
	at org.testng.SuiteRunner.run(SuiteRunner.java:240)
	at org.testng.SuiteRunnerWorker.runSuite(SuiteRunnerWorker.java:51)
	at org.testng.SuiteRunnerWorker.run(SuiteRunnerWorker.java:85)
	at org.testng.TestNG.runSuitesSequentially(TestNG.java:1197)
	at org.testng.TestNG.runSuitesLocally(TestNG.java:1122)
	at org.testng.TestNG.run(TestNG.java:1030)
	at org.testng.remote.RemoteTestNG.run(RemoteTestNG.java:111)
	at org.testng.remote.RemoteTestNG.initAndRun(RemoteTestNG.java:204)
	at org.testng.remote.RemoteTestNG.main(RemoteTestNG.java:175)
]]>
    </failure>
  </testcase> <!-- testActivateOK_HTTPAction -->
</testsuite> <!-- fr.getlinks.web.controller.RegistrationControllerTest -->
